[ 2018-03-24T18:03:21+08:00 ] 127.0.0.1 /index.php?g=Admin&m=public&a=dologin
INFO: [ app_begin ] --START--
INFO: Run Behavior\ReadHtmlCacheBehavior [ RunTime:0.000887s ]
INFO: Run Behavior\CheckLangBehavior [ RunTime:0.001788s ]
INFO: Run Common\Behavior\UrldecodeGetBehavior [ RunTime:0.000941s ]
INFO: [ app_begin ] --END-- [ RunTime:0.004289s ]
INFO: [ admin_begin ] --START--
INFO: Run Common\Behavior\AdminDefaultLangBehavior [ RunTime:0.002240s ]
INFO: [ admin_begin ] --END-- [ RunTime:0.002295s ]

[ 2018-03-24T18:03:29+08:00 ] 127.0.0.1 /index.php?g=Admin&m=public&a=dologin
INFO: [ app_begin ] --START--
INFO: Run Behavior\ReadHtmlCacheBehavior [ RunTime:0.000771s ]
INFO: Run Behavior\CheckLangBehavior [ RunTime:0.001787s ]
INFO: Run Common\Behavior\UrldecodeGetBehavior [ RunTime:0.000934s ]
INFO: [ app_begin ] --END-- [ RunTime:0.004118s ]
INFO: [ admin_begin ] --START--
INFO: Run Common\Behavior\AdminDefaultLangBehavior [ RunTime:0.002249s ]
INFO: [ admin_begin ] --END-- [ RunTime:0.002292s ]
SQL: SHOW COLUMNS FROM `cmf_users` [ RunTime:0.0707s ]
SQL: SELECT * FROM `cmf_users` WHERE `user_login` = 'admin' LIMIT 1   [ RunTime:0.0009s ]
SQL: SHOW COLUMNS FROM `cmf_role_user` [ RunTime:0.0991s ]
SQL: SELECT `role_id` FROM cmf_role_user a INNER JOIN cmf_role as b on a.role_id =b.id  WHERE `user_id` = '1' AND `status` = 1  [ RunTime:0.0277s ]
SQL: UPDATE `cmf_users` SET `user_login`='admin',`user_pass`='###85420a4fada7d7ee07572d58ccf0aaf5',`user_nicename`='admin',`user_email`='1620016116@qq.com',`user_url`='',`avatar`=NULL,`sex`='0',`birthday`='2000-01-01',`signature`=NULL,`last_login_ip`='127.0.0.1',`last_login_time`='2018-03-24 18:03:29',`create_time`='2018-03-20 11:43:54',`user_activation_key`='',`user_status`='1',`score`='0',`user_type`='1',`coin`='0',`mobile`='' WHERE `id` = '1' [ RunTime:0.0169s ]

[ 2018-03-24T21:48:52+08:00 ] 127.0.0.1 /index.php?g=Admin&m=public&a=dologin
INFO: [ app_begin ] --START--
INFO: Run Behavior\ReadHtmlCacheBehavior [ RunTime:0.001162s ]
INFO: Run Behavior\CheckLangBehavior [ RunTime:0.001394s ]
INFO: Run Common\Behavior\UrldecodeGetBehavior [ RunTime:0.000863s ]
INFO: [ app_begin ] --END-- [ RunTime:0.004619s ]
INFO: [ admin_begin ] --START--
INFO: Run Common\Behavior\AdminDefaultLangBehavior [ RunTime:0.001894s ]
INFO: [ admin_begin ] --END-- [ RunTime:0.001947s ]

[ 2018-03-24T21:49:16+08:00 ] 127.0.0.1 /index.php?g=Admin&m=public&a=dologin
INFO: [ app_begin ] --START--
INFO: Run Behavior\ReadHtmlCacheBehavior [ RunTime:0.001146s ]
INFO: Run Behavior\CheckLangBehavior [ RunTime:0.001658s ]
INFO: Run Common\Behavior\UrldecodeGetBehavior [ RunTime:0.000801s ]
INFO: [ app_begin ] --END-- [ RunTime:0.004628s ]
INFO: [ admin_begin ] --START--
INFO: Run Common\Behavior\AdminDefaultLangBehavior [ RunTime:0.001852s ]
INFO: [ admin_begin ] --END-- [ RunTime:0.001898s ]
SQL: SHOW COLUMNS FROM `cmf_users` [ RunTime:0.0719s ]
SQL: SELECT * FROM `cmf_users` WHERE `user_login` = 'admin' LIMIT 1   [ RunTime:0.0020s ]
SQL: SHOW COLUMNS FROM `cmf_role_user` [ RunTime:0.0456s ]
SQL: SELECT `role_id` FROM cmf_role_user a INNER JOIN cmf_role as b on a.role_id =b.id  WHERE `user_id` = '1' AND `status` = 1  [ RunTime:0.0337s ]
SQL: UPDATE `cmf_users` SET `user_login`='admin',`user_pass`='###85420a4fada7d7ee07572d58ccf0aaf5',`user_nicename`='admin',`user_email`='1620016116@qq.com',`user_url`='',`avatar`=NULL,`sex`='0',`birthday`='2000-01-01',`signature`=NULL,`last_login_ip`='127.0.0.1',`last_login_time`='2018-03-24 21:49:16',`create_time`='2018-03-20 11:43:54',`user_activation_key`='',`user_status`='1',`score`='0',`user_type`='1',`coin`='0',`mobile`='' WHERE `id` = '1' [ RunTime:0.0011s ]

